<?xml version="1.0" encoding="UTF-8"?>
<!-- Generated by org.testng.reporters.JUnitReportReporter -->
<testsuite hostname="DESKTOP-EAUOINI" failures="0" tests="1" name="TestCases.CreateContact" time="10.348" errors="0" timestamp="2024-07-31T15:43:21 IST" skipped="0">
  <testcase classname="TestCases.CreateContact" name="createContact" time="10.348"/>
  <system-out>
    <![CDATA[createContact is executed]]>
  </system-out>
</testsuite> <!-- TestCases.CreateContact -->
