<?xml version="1.0" encoding="UTF-8"?>
<!-- Generated by org.testng.reporters.JUnitReportReporter -->
<testsuite hostname="DESKTOP-EAUOINI" failures="0" tests="1" name="TestCases.CreateOrganizationWithIndustry" time="12.392" errors="0" timestamp="2024-07-31T15:43:21 IST" skipped="0">
  <testcase classname="TestCases.CreateOrganizationWithIndustry" name="createOrganization" time="12.392"/>
  <system-out>
    <![CDATA[createOrganization is executed]]>
  </system-out>
</testsuite> <!-- TestCases.CreateOrganizationWithIndustry -->
